# JRE version: OpenJDK Runtime Environment (8.0_152-b01) (build 1.8.0_152-release-1024-b01)
# Java VM: OpenJDK 64-Bit Server VM (25.152-b01 mixed mode linux-amd64 compressed oops)
Heap:
 PSYoungGen      total 127488K, used 10228K [0x00000000eab00000, 0x00000000f3800000, 0x0000000100000000)
  eden space 117248K, 0% used [0x00000000eab00000,0x00000000eab00000,0x00000000f1d80000)
  from space 10240K, 99% used [0x00000000f2400000,0x00000000f2dfd378,0x00000000f2e00000)
  to   space 7168K, 0% used [0x00000000f3100000,0x00000000f3100000,0x00000000f3800000)
 ParOldGen       total 36352K, used 13521K [0x00000000c0000000, 0x00000000c2380000, 0x00000000eab00000)
  object space 36352K, 37% used [0x00000000c0000000,0x00000000c0d34698,0x00000000c2380000)
 Metaspace       used 34493K, capacity 35246K, committed 35416K, reserved 1079296K
  class space    used 4764K, capacity 5035K, committed 5120K, reserved 1048576K
GC Heap History (10 events):
Event: 20.153 GC heap after
Heap after GC invocations=3 (full 0):
 PSYoungGen      total 34304K, used 2544K [0x00000000eab00000, 0x00000000eee00000, 0x0000000100000000)
  eden space 31744K, 0% used [0x00000000eab00000,0x00000000eab00000,0x00000000eca00000)
  from space 2560K, 99% used [0x00000000eca00000,0x00000000ecc7c020,0x00000000ecc80000)
  to   space 2560K, 0% used [0x00000000eeb80000,0x00000000eeb80000,0x00000000eee00000)
 ParOldGen       total 42496K, used 3425K [0x00000000c0000000, 0x00000000c2980000, 0x00000000eab00000)
  object space 42496K, 8% used [0x00000000c0000000,0x00000000c03587a8,0x00000000c2980000)
 Metaspace       used 11278K, capacity 11598K, committed 11648K, reserved 1058816K
  class space    used 1502K, capacity 1615K, committed 1664K, reserved 1048576K
}
Event: 23.340 GC heap before
{Heap before GC invocations=4 (full 0):
 PSYoungGen      total 34304K, used 34288K [0x00000000eab00000, 0x00000000eee00000, 0x0000000100000000)
  eden space 31744K, 100% used [0x00000000eab00000,0x00000000eca00000,0x00000000eca00000)
  from space 2560K, 99% used [0x00000000eca00000,0x00000000ecc7c020,0x00000000ecc80000)
  to   space 2560K, 0% used [0x00000000eeb80000,0x00000000eeb80000,0x00000000eee00000)
 ParOldGen       total 42496K, used 3425K [0x00000000c0000000, 0x00000000c2980000, 0x00000000eab00000)
  object space 42496K, 8% used [0x00000000c0000000,0x00000000c03587a8,0x00000000c2980000)
 Metaspace       used 13979K, capacity 14280K, committed 14464K, reserved 1060864K
  class space    used 1966K, capacity 2090K, committed 2176K, reserved 1048576K
Event: 23.354 GC heap after
Heap after GC invocations=4 (full 0):
 PSYoungGen      total 66048K, used 2528K [0x00000000eab00000, 0x00000000eee00000, 0x0000000100000000)
  eden space 63488K, 0% used [0x00000000eab00000,0x00000000eab00000,0x00000000ee900000)
  from space 2560K, 98% used [0x00000000eeb80000,0x00000000eedf8030,0x00000000eee00000)
  to   space 2560K, 0% used [0x00000000ee900000,0x00000000ee900000,0x00000000eeb80000)
 ParOldGen       total 42496K, used 6945K [0x00000000c0000000, 0x00000000c2980000, 0x00000000eab00000)
  object space 42496K, 16% used [0x00000000c0000000,0x00000000c06c8740,0x00000000c2980000)
 Metaspace       used 13979K, capacity 14280K, committed 14464K, reserved 1060864K
  class space    used 1966K, capacity 2090K, committed 2176K, reserved 1048576K
}
Event: 30.585 GC heap before
{Heap before GC invocations=5 (full 0):
 PSYoungGen      total 66048K, used 50792K [0x00000000eab00000, 0x00000000eee00000, 0x0000000100000000)
  eden space 63488K, 76% used [0x00000000eab00000,0x00000000eda22070,0x00000000ee900000)
  from space 2560K, 98% used [0x00000000eeb80000,0x00000000eedf8030,0x00000000eee00000)
  to   space 2560K, 0% used [0x00000000ee900000,0x00000000ee900000,0x00000000eeb80000)
 ParOldGen       total 42496K, used 6945K [0x00000000c0000000, 0x00000000c2980000, 0x00000000eab00000)
  object space 42496K, 16% used [0x00000000c0000000,0x00000000c06c8740,0x00000000c2980000)
 Metaspace       used 20785K, capacity 21154K, committed 21248K, reserved 1067008K
  class space    used 2905K, capacity 3069K, committed 3072K, reserved 1048576K
Event: 30.596 GC heap after
Heap after GC invocations=5 (full 0):
 PSYoungGen      total 66048K, used 2544K [0x00000000eab00000, 0x00000000f3b00000, 0x0000000100000000)
  eden space 63488K, 0% used [0x00000000eab00000,0x00000000eab00000,0x00000000ee900000)
  from space 2560K, 99% used [0x00000000ee900000,0x00000000eeb7c050,0x00000000eeb80000)
  to   space 10240K, 0% used [0x00000000f3100000,0x00000000f3100000,0x00000000f3b00000)
 ParOldGen       total 42496K, used 13852K [0x00000000c0000000, 0x00000000c2980000, 0x00000000eab00000)
  object space 42496K, 32% used [0x00000000c0000000,0x00000000c0d87360,0x00000000c2980000)
 Metaspace       used 20785K, capacity 21154K, committed 21248K, reserved 1067008K
  class space    used 2905K, capacity 3069K, committed 3072K, reserved 1048576K
}
Event: 30.596 GC heap before
{Heap before GC invocations=6 (full 1):
 PSYoungGen      total 66048K, used 2544K [0x00000000eab00000, 0x00000000f3b00000, 0x0000000100000000)
  eden space 63488K, 0% used [0x00000000eab00000,0x00000000eab00000,0x00000000ee900000)
  from space 2560K, 99% used [0x00000000ee900000,0x00000000eeb7c050,0x00000000eeb80000)
  to   space 10240K, 0% used [0x00000000f3100000,0x00000000f3100000,0x00000000f3b00000)
 ParOldGen       total 42496K, used 13852K [0x00000000c0000000, 0x00000000c2980000, 0x00000000eab00000)
  object space 42496K, 32% used [0x00000000c0000000,0x00000000c0d87360,0x00000000c2980000)
 Metaspace       used 20785K, capacity 21154K, committed 21248K, reserved 1067008K
  class space    used 2905K, capacity 3069K, committed 3072K, reserved 1048576K
Event: 30.684 GC heap after
Heap after GC invocations=6 (full 1):
 PSYoungGen      total 66048K, used 0K [0x00000000eab00000, 0x00000000f3b00000, 0x0000000100000000)
  eden space 63488K, 0% used [0x00000000eab00000,0x00000000eab00000,0x00000000ee900000)
  from space 2560K, 0% used [0x00000000ee900000,0x00000000ee900000,0x00000000eeb80000)
  to   space 10240K, 0% used [0x00000000f3100000,0x00000000f3100000,0x00000000f3b00000)
 ParOldGen       total 36352K, used 10799K [0x00000000c0000000, 0x00000000c2380000, 0x00000000eab00000)
  object space 36352K, 29% used [0x00000000c0000000,0x00000000c0a8bf08,0x00000000c2380000)
 Metaspace       used 20785K, capacity 21154K, committed 21248K, reserved 1067008K
  class space    used 2905K, capacity 3069K, committed 3072K, reserved 1048576K
}
Event: 37.618 GC heap before
{Heap before GC invocations=7 (full 1):
 PSYoungGen      total 66048K, used 63488K [0x00000000eab00000, 0x00000000f3b00000, 0x0000000100000000)
  eden space 63488K, 100% used [0x00000000eab00000,0x00000000ee900000,0x00000000ee900000)
  from space 2560K, 0% used [0x00000000ee900000,0x00000000ee900000,0x00000000eeb80000)
  to   space 10240K, 0% used [0x00000000f3100000,0x00000000f3100000,0x00000000f3b00000)
 ParOldGen       total 36352K, used 10799K [0x00000000c0000000, 0x00000000c2380000, 0x00000000eab00000)
  object space 36352K, 29% used [0x00000000c0000000,0x00000000c0a8bf08,0x00000000c2380000)
 Metaspace       used 26342K, capacity 26780K, committed 27136K, reserved 1073152K
  class space    used 3634K, capacity 3826K, committed 3840K, reserved 1048576K
Event: 37.627 GC heap after
Heap after GC invocations=7 (full 1):
 PSYoungGen      total 124416K, used 7041K [0x00000000eab00000, 0x00000000f3800000, 0x0000000100000000)
  eden space 117248K, 0% used [0x00000000eab00000,0x00000000eab00000,0x00000000f1d80000)
  from space 7168K, 98% used [0x00000000f3100000,0x00000000f37e0468,0x00000000f3800000)
  to   space 10240K, 0% used [0x00000000f2400000,0x00000000f2400000,0x00000000f2e00000)
 ParOldGen       total 36352K, used 10807K [0x00000000c0000000, 0x00000000c2380000, 0x00000000eab00000)
  object space 36352K, 29% used [0x00000000c0000000,0x00000000c0a8df08,0x00000000c2380000)
 Metaspace       used 26342K, capacity 26780K, committed 27136K, reserved 1073152K
  class space    used 3634K, capacity 3826K, committed 3840K, reserved 1048576K
}
Event: 201.346 GC heap before
{Heap before GC invocations=8 (full 1):
 PSYoungGen      total 124416K, used 101321K [0x00000000eab00000, 0x00000000f3800000, 0x0000000100000000)
  eden space 117248K, 80% used [0x00000000eab00000,0x00000000f0711fe0,0x00000000f1d80000)
  from space 7168K, 98% used [0x00000000f3100000,0x00000000f37e0468,0x00000000f3800000)
  to   space 10240K, 0% used [0x00000000f2400000,0x00000000f2400000,0x00000000f2e00000)
 ParOldGen       total 36352K, used 10807K [0x00000000c0000000, 0x00000000c2380000, 0x00000000eab00000)
  object space 36352K, 29% used [0x00000000c0000000,0x00000000c0a8df08,0x00000000c2380000)
 Metaspace       used 34493K, capacity 35246K, committed 35416K, reserved 1079296K
  class space    used 4764K, capacity 5035K, committed 5120K, reserved 1048576K

